# JRE version: OpenJDK Runtime Environment Temurin-17.0.7+7 (17.0.7+7) (build 17.0.7+7)
# Java VM: OpenJDK 64-Bit Server VM Temurin-17.0.7+7 (17.0.7+7, mixed mode, emulated-client, tiered, compressed oops, compressed class ptrs, g1 gc, windows-amd64)
GC Precious Log:
 CPUs: 8 total, 8 available
 Memory: 8043M
 Large Page Support: Disabled
 NUMA Support: Disabled
 Compressed Oops: Enabled (32-bit)
 Heap Region Size: 1M
 Heap Min Capacity: 8M
 Heap Initial Capacity: 126M
 Heap Max Capacity: 1G
 Pre-touch: Disabled
 Parallel Workers: 8
 Concurrent Workers: 2
 Concurrent Refinement Workers: 8
 Periodic GC: Disabled
Heap:
 garbage-first heap   total 618496K, used 297821K [0x00000000c0000000, 0x0000000100000000)
  region size 1024K, 11 young (11264K), 11 survivors (11264K)
 Metaspace       used 51431K, committed 51904K, reserved 1114112K
  class space    used 6466K, committed 6656K, reserved 1048576K
GC Heap History (20 events):
Event: 12.007 GC heap after
{Heap after GC invocations=28 (full 0):
 garbage-first heap   total 403456K, used 100146K [0x00000000c0000000, 0x0000000100000000)
  region size 1024K, 19 young (19456K), 19 survivors (19456K)
 Metaspace       used 39723K, committed 40128K, reserved 1114112K
  class space    used 5093K, committed 5248K, reserved 1048576K
}
Event: 12.096 GC heap before
{Heap before GC invocations=28 (full 0):
 garbage-first heap   total 403456K, used 312114K [0x00000000c0000000, 0x0000000100000000)
  region size 1024K, 227 young (232448K), 19 survivors (19456K)
 Metaspace       used 39723K, committed 40128K, reserved 1114112K
  class space    used 5093K, committed 5248K, reserved 1048576K
}
Event: 12.131 GC heap after
{Heap after GC invocations=29 (full 0):
 garbage-first heap   total 618496K, used 109011K [0x00000000c0000000, 0x0000000100000000)
  region size 1024K, 18 young (18432K), 18 survivors (18432K)
 Metaspace       used 39723K, committed 40128K, reserved 1114112K
  class space    used 5093K, committed 5248K, reserved 1048576K
}
Event: 12.385 GC heap before
{Heap before GC invocations=29 (full 0):
 garbage-first heap   total 618496K, used 460243K [0x00000000c0000000, 0x0000000100000000)
  region size 1024K, 362 young (370688K), 18 survivors (18432K)
 Metaspace       used 39750K, committed 40128K, reserved 1114112K
  class space    used 5098K, committed 5248K, reserved 1048576K
}
Event: 12.398 GC heap after
{Heap after GC invocations=30 (full 0):
 garbage-first heap   total 618496K, used 123151K [0x00000000c0000000, 0x0000000100000000)
  region size 1024K, 32 young (32768K), 32 survivors (32768K)
 Metaspace       used 39750K, committed 40128K, reserved 1114112K
  class space    used 5098K, committed 5248K, reserved 1048576K
}
Event: 13.141 GC heap before
{Heap before GC invocations=30 (full 0):
 garbage-first heap   total 618496K, used 460047K [0x00000000c0000000, 0x0000000100000000)
  region size 1024K, 362 young (370688K), 32 survivors (32768K)
 Metaspace       used 44153K, committed 44544K, reserved 1114112K
  class space    used 5586K, committed 5760K, reserved 1048576K
}
Event: 13.161 GC heap after
{Heap after GC invocations=31 (full 0):
 garbage-first heap   total 618496K, used 145934K [0x00000000c0000000, 0x0000000100000000)
  region size 1024K, 46 young (47104K), 46 survivors (47104K)
 Metaspace       used 44153K, committed 44544K, reserved 1114112K
  class space    used 5586K, committed 5760K, reserved 1048576K
}
Event: 13.496 GC heap before
{Heap before GC invocations=31 (full 0):
 garbage-first heap   total 618496K, used 469518K [0x00000000c0000000, 0x0000000100000000)
  region size 1024K, 362 young (370688K), 46 survivors (47104K)
 Metaspace       used 46762K, committed 47232K, reserved 1114112K
  class space    used 5893K, committed 6144K, reserved 1048576K
}
Event: 13.567 GC heap after
{Heap after GC invocations=32 (full 0):
 garbage-first heap   total 618496K, used 161778K [0x00000000c0000000, 0x0000000100000000)
  region size 1024K, 38 young (38912K), 38 survivors (38912K)
 Metaspace       used 46762K, committed 47232K, reserved 1114112K
  class space    used 5893K, committed 6144K, reserved 1048576K
}
Event: 13.870 GC heap before
{Heap before GC invocations=32 (full 0):
 garbage-first heap   total 618496K, used 492530K [0x00000000c0000000, 0x0000000100000000)
  region size 1024K, 362 young (370688K), 38 survivors (38912K)
 Metaspace       used 47438K, committed 47936K, reserved 1114112K
  class space    used 5998K, committed 6208K, reserved 1048576K
}
Event: 13.887 GC heap after
{Heap after GC invocations=33 (full 0):
 garbage-first heap   total 618496K, used 179035K [0x00000000c0000000, 0x0000000100000000)
  region size 1024K, 32 young (32768K), 32 survivors (32768K)
 Metaspace       used 47438K, committed 47936K, reserved 1114112K
  class space    used 5998K, committed 6208K, reserved 1048576K
}
Event: 14.159 GC heap before
{Heap before GC invocations=33 (full 0):
 garbage-first heap   total 618496K, used 506715K [0x00000000c0000000, 0x0000000100000000)
  region size 1024K, 353 young (361472K), 32 survivors (32768K)
 Metaspace       used 47986K, committed 48448K, reserved 1114112K
  class space    used 6075K, committed 6272K, reserved 1048576K
}
Event: 14.210 GC heap after
{Heap after GC invocations=34 (full 0):
 garbage-first heap   total 618496K, used 195421K [0x00000000c0000000, 0x0000000100000000)
  region size 1024K, 32 young (32768K), 32 survivors (32768K)
 Metaspace       used 47986K, committed 48448K, reserved 1114112K
  class space    used 6075K, committed 6272K, reserved 1048576K
}
Event: 15.026 GC heap before
{Heap before GC invocations=34 (full 0):
 garbage-first heap   total 618496K, used 510813K [0x00000000c0000000, 0x0000000100000000)
  region size 1024K, 341 young (349184K), 32 survivors (32768K)
 Metaspace       used 48306K, committed 48704K, reserved 1114112K
  class space    used 6108K, committed 6272K, reserved 1048576K
}
Event: 15.070 GC heap after
{Heap after GC invocations=35 (full 0):
 garbage-first heap   total 618496K, used 214149K [0x00000000c0000000, 0x0000000100000000)
  region size 1024K, 34 young (34816K), 34 survivors (34816K)
 Metaspace       used 48306K, committed 48704K, reserved 1114112K
  class space    used 6108K, committed 6272K, reserved 1048576K
}
Event: 15.498 GC heap before
{Heap before GC invocations=35 (full 0):
 garbage-first heap   total 618496K, used 515205K [0x00000000c0000000, 0x0000000100000000)
  region size 1024K, 327 young (334848K), 34 survivors (34816K)
 Metaspace       used 48665K, committed 49152K, reserved 1114112K
  class space    used 6147K, committed 6400K, reserved 1048576K
}
Event: 15.519 GC heap after
{Heap after GC invocations=36 (full 0):
 garbage-first heap   total 618496K, used 231773K [0x00000000c0000000, 0x0000000100000000)
  region size 1024K, 33 young (33792K), 33 survivors (33792K)
 Metaspace       used 48665K, committed 49152K, reserved 1114112K
  class space    used 6147K, committed 6400K, reserved 1048576K
}
Event: 16.578 GC heap before
{Heap before GC invocations=36 (full 0):
 garbage-first heap   total 618496K, used 519517K [0x00000000c0000000, 0x0000000100000000)
  region size 1024K, 312 young (319488K), 33 survivors (33792K)
 Metaspace       used 51377K, committed 51840K, reserved 1114112K
  class space    used 6458K, committed 6656K, reserved 1048576K
}
Event: 16.702 GC heap after
{Heap after GC invocations=37 (full 0):
 garbage-first heap   total 618496K, used 284243K [0x00000000c0000000, 0x0000000100000000)
  region size 1024K, 39 young (39936K), 39 survivors (39936K)
 Metaspace       used 51377K, committed 51840K, reserved 1114112K
  class space    used 6458K, committed 6656K, reserved 1048576K
}
Event: 16.812 GC heap before
{Heap before GC invocations=37 (full 0):
 garbage-first heap   total 618496K, used 479827K [0x00000000c0000000, 0x0000000100000000)
  region size 1024K, 231 young (236544K), 39 survivors (39936K)
 Metaspace       used 51431K, committed 51904K, reserved 1114112K
  class space    used 6466K, committed 6656K, reserved 1048576K
}

